\BOOKMARK [1][-]{section.1}{\376\377\137\025\212\000}{}% 1
\BOOKMARK [2][-]{subsection.1.1}{\376\377\170\024\172\166\200\314\146\157\116\016\225\356\230\230\143\320\121\372}{section.1}% 2
\BOOKMARK [2][-]{subsection.1.2}{\376\377\163\260\147\011\145\271\154\325\122\006\147\220}{section.1}% 3
\BOOKMARK [2][-]{subsection.1.3}{\376\377\147\054\145\207\140\035\215\357\116\016\116\073\211\201\121\205\133\271}{section.1}% 4
\BOOKMARK [1][-]{section.2}{\376\377\150\246\142\323\237\231\206\176\140\073\117\123\213\276\213\241}{}% 5
\BOOKMARK [2][-]{subsection.2.1}{\376\377\146\172\200\375\117\123\133\232\117\115}{section.2}% 6
\BOOKMARK [2][-]{subsection.2.2}{\376\377\150\070\137\303\122\033\141\017}{section.2}% 7
\BOOKMARK [2][-]{subsection.2.3}{\376\377\140\073\117\123\147\266\147\204}{section.2}% 8
\BOOKMARK [2][-]{subsection.2.4}{\376\377\150\070\137\303\133\371\214\141\213\276\213\241}{section.2}% 9
\BOOKMARK [2][-]{subsection.2.5}{\376\377\127\372\147\054\135\345\117\134\155\101\172\013}{section.2}% 10
\BOOKMARK [1][-]{section.3}{\376\377\121\163\225\056\147\072\122\066\213\276\213\241\116\016\133\236\163\260}{}% 11
\BOOKMARK [2][-]{subsection.3.1}{\376\377\227\142\124\021\143\001\176\355\143\250\217\333\166\204\133\146\116\140\162\266\140\001\136\372\152\041\147\072\122\066}{section.3}% 12
\BOOKMARK [2][-]{subsection.3.2}{\376\377\213\376\172\013\215\104\156\220\143\245\121\145\116\016\147\000\134\017\116\012\116\013\145\207\147\204\136\372\147\072\122\066}{section.3}% 13
\BOOKMARK [2][-]{subsection.3.3}{\376\377\213\376\124\016\166\321\167\143\116\016\131\015\166\330\147\072\122\066}{section.3}% 14
\BOOKMARK [2][-]{subsection.3.4}{\376\377\124\150\147\037\131\015\116\140\116\016\122\250\140\001\214\003\145\164\147\072\122\066}{section.3}% 15
\BOOKMARK [2][-]{subsection.3.5}{\376\377\116\052\140\047\123\026\000\040\000c\000r\000o\000n\000\040\201\352\122\250\123\026\147\072\122\066}{section.3}% 16
\BOOKMARK [2][-]{subsection.3.6}{\376\377\123\237\127\213\133\236\163\260}{section.3}% 17
\BOOKMARK [1][-]{section.4}{\376\377\127\072\146\157\232\214\213\301\116\016\122\006\147\220}{}% 18
\BOOKMARK [2][-]{subsection.4.1}{\376\377\232\214\213\301\166\356\150\007}{section.4}% 19
\BOOKMARK [2][-]{subsection.4.2}{\376\377\121\170\127\213\127\072\146\157\232\214\213\301}{section.4}% 20
\BOOKMARK [2][-]{subsection.4.3}{\376\377\176\323\147\234\122\006\147\220}{section.4}% 21
\BOOKMARK [2][-]{subsection.4.4}{\376\377\134\100\226\120\116\016\226\276\160\271}{section.4}% 22
\BOOKMARK [1][-]{section.5}{\376\377\136\224\165\050\122\115\146\157}{}% 23
